<?xml version="1.0" encoding="UTF-8"?>
<!-- Generated by org.testng.reporters.JUnitReportReporter -->
<testsuite skipped="0" hostname="Arpit-PC" name="tests.TC_001" tests="1" failures="0" timestamp="09 Jul 2017 06:17:47 GMT" time="18.671" errors="0">
  <testcase name="fb_login" time="18.671" classname="tests.TC_001"/>
</testsuite> <!-- tests.TC_001 -->
