<?xml version="1.0" encoding="UTF-8"?>
<!-- Generated by org.testng.reporters.JUnitReportReporter -->
<testsuite name="tests.TC_001" tests="1" time="32.673" ignored="0" failures="0" timestamp="09 Jul 2017 11:52:02 GMT" skipped="0" hostname="Arpit-PC" errors="0">
  <testcase name="fb_login" time="32.673" classname="tests.TC_001"/>
</testsuite> <!-- tests.TC_001 -->
